00:00:00.293574 VirtualBox GUI VM Selector Window 6.0.4 r128164 linux.amd64 (Jan 28 2019 15:36:33) release log
00:00:00.293577 Log opened 2019-02-21T15:50:42.065573000Z
00:00:00.293578 Build Type: release
00:00:00.293581 OS Product: Linux
00:00:00.293582 OS Release: 4.19.23-1-MANJARO
00:00:00.293584 OS Version: #1 SMP PREEMPT Fri Feb 15 21:27:33 UTC 2019
00:00:00.293609 DMI Product Name: Kona
00:00:00.293619 DMI Product Version: INVALID                         
00:00:00.293666 Host RAM: 7885MB (7.7GB) total, 7426MB (7.2GB) available
00:00:00.293670 Executable: /usr/lib/virtualbox/VirtualBox
00:00:00.293671 Process ID: 9124
00:00:00.293672 Package type: LINUX_64BITS_GENERIC (OSE)
00:00:00.293702 Qt version: 5.12.1
00:00:00.308799 GUI: UIMediumEnumerator: Medium-enumeration started...
00:00:00.682601 GUI: UIMediumEnumerator: Medium-enumeration finished!
00:00:05.035750 GUI: UIInvisibleWindow::sltFallback: Move event haven't came. Screen: 0, work area: 797x449 x 38x25
00:00:05.035777 GUI: UIDesktopWidgetWatchdog::sltHandleHostScreenAvailableGeometryCalculated: Screen 0 work area is actually resized to: 797x449 x 38x25
00:00:07.875782 GUI: UIMediumEnumerator: Medium-enumeration finished!
00:00:17.016571 GUI: UIMediumEnumerator: Medium-enumeration finished!
00:10:58.614952 GUI: UIMediumEnumerator: Medium-enumeration started...
00:10:59.128046 GUI: UIMediumEnumerator: Medium-enumeration finished!
00:11:50.435834 GUI: UIMediumEnumerator: Medium-enumeration finished!
00:14:55.321153 GUI: UIMediumEnumerator: Medium-enumeration finished!
00:15:05.750810 GUI: UIMediumEnumerator: Medium-enumeration finished!
00:15:13.453513 GUI: UIMediumEnumerator: Medium-enumeration finished!
00:19:25.206390 GUI: UIMediumEnumerator: Medium-enumeration started...
00:19:25.735039 GUI: UIMediumEnumerator: Medium-enumeration finished!
00:20:43.748366 GUI: UIMediumEnumerator: Medium-enumeration finished!
00:22:16.598919 GUI: UIMediumEnumerator: Medium-enumeration started...
00:22:17.086750 GUI: UIMediumEnumerator: Medium-enumeration finished!
