00:00:00.000135 main     VirtualBox XPCOM Server 6.0.2 r127994 linux.amd64 (Jan 15 2019 20:58:16) release log
00:00:00.000138 main     Log opened 2019-02-17T23:02:23.726191000Z
00:00:00.000138 main     Build Type: release
00:00:00.000140 main     OS Product: Linux
00:00:00.000141 main     OS Release: 4.19.20-1-MANJARO
00:00:00.000142 main     OS Version: #1 SMP PREEMPT Wed Feb 6 21:33:34 UTC 2019
00:00:00.000159 main     DMI Product Name: Kona
00:00:00.000168 main     DMI Product Version: INVALID                         
00:00:00.000198 main     Host RAM: 7885MB (7.7GB) total, 6914MB (6.7GB) available
00:00:00.000201 main     Executable: /usr/lib/virtualbox/VBoxSVC
00:00:00.000201 main     Process ID: 4666
00:00:00.000202 main     Package type: LINUX_64BITS_GENERIC (OSE)
00:00:00.001769 main     IPC socket path: /tmp/.vbox-wojtek-ipc/ipcd
00:00:00.109174 nspr-2   VirtualBox: object creation starts
00:00:00.109298 nspr-2   Home directory: '/home/wojtek/.config/VirtualBox'
00:00:00.121669 nspr-2   NetIfAdpCtlOut: VBoxNetAdpCtl: Error while retrieving link speed for wlp1s0: VBoxNetAdpCtl: ioctl failed: Operation not supported
00:00:00.122618 nspr-2   NAT: resolv.conf: nameserver 192.168.8.1
00:00:00.122640 nspr-2   HostDnsMonitor::updateInfo
00:00:00.122667 nspr-2   HostDnsMonitor: old information
00:00:00.122671 nspr-2     no server entries
00:00:00.122675 nspr-2     no domain set
00:00:00.122679 nspr-2     no search string entries
00:00:00.122682 nspr-2   HostDnsMonitor: new information
00:00:00.122686 nspr-2     server 1: 192.168.8.1
00:00:00.122690 nspr-2     no domain set
00:00:00.122693 nspr-2     no search string entries
00:00:00.125105 nspr-2   Failed to open "/dev/vboxdrvu", errno=2, rc=VERR_VM_DRIVER_NOT_INSTALLED
00:00:00.125523 nspr-2   VD: VDInit finished with VINF_SUCCESS
00:00:00.125793 nspr-2   ERROR [COM]: aRC=NS_ERROR_FAILURE (0x80004005) aIID={d55176e5-6730-4e9e-fc1f-a59b1f44f78f} aComponent={SystemPropertiesWrap} aText={Cannot determine default Guest Additions ISO location. Most likely they are not available}, preserve=false aResultDetail=0
00:00:00.126219 nspr-2   VirtualBox: object created
00:00:10.777649 nspr-2   Saving settings file "/home/wojtek/.config/VirtualBox/VirtualBox.xml" with version "1.12-linux"
00:00:10.788942 nspr-2   Saving settings file "/home/wojtek/.config/VirtualBox/VirtualBox.xml" with version "1.12-linux"
00:00:39.288489 nspr-2   Saving settings file "/home/wojtek/.config/VirtualBox/VirtualBox.xml" with version "1.12-linux"
00:00:39.298314 nspr-2   Saving settings file "/home/wojtek/.config/VirtualBox/VirtualBox.xml" with version "1.12-linux"
00:00:39.309452 nspr-3   Saving settings file "/home/wojtek/.config/VirtualBox/VirtualBox.xml" with version "1.12-linux"
00:00:39.330690 nspr-2   Saving settings file "/home/wojtek/.config/VirtualBox/VirtualBox.xml" with version "1.12-linux"
00:00:39.341813 nspr-3   Saving settings file "/home/wojtek/.config/VirtualBox/VirtualBox.xml" with version "1.12-linux"
00:00:39.354123 nspr-3   Saving settings file "/home/wojtek/.config/VirtualBox/VirtualBox.xml" with version "1.12-linux"
00:00:44.876827 main     VirtualBox: object deletion starts
00:00:45.138657 Watcher  ERROR [COM]: aRC=E_ACCESSDENIED (0x80070005) aIID={d0a0163f-e254-4e5b-a1f2-011cf991c38d} aComponent={VirtualBoxWrap} aText={The object is not ready}, preserve=false aResultDetail=0
00:00:49.877608 main     {00007fca1c0151d0} HostPowerServiceLinux::~HostPowerServiceLinux: RTThreadWait() for 5000 ms failed with VERR_TIMEOUT
00:00:49.878070 main     VirtualBox: object deleted
