[2019-02-19 14:29:20.159] [sharedprocess] [info] main {"machineId":"3252c45e804e87baf24c36790ee37b07e6fed125ed302a7aa926b53935d8b83b"}
[2019-02-19 14:29:20.201] [sharedprocess] [info] Scanned user extensions: 3
[2019-02-19 14:29:20.227] [sharedprocess] [info] Scanned user extensions: 3
[2019-02-19 14:29:20.235] [sharedprocess] [info] Scanned user extensions: 3
[2019-02-19 14:29:20.264] [sharedprocess] [info] Scanned user extensions: 3
[2019-02-19 14:29:20.307] [sharedprocess] [info] Scanned system extensions: 71
[2019-02-19 14:29:20.311] [sharedprocess] [info] Scanned system extensions: 71
[2019-02-19 14:29:20.314] [sharedprocess] [info] Scanned system extensions: 71
[2019-02-19 14:29:21.985] [sharedprocess] [info] Installing extension: latex-workshop
[2019-02-19 14:29:21.991] [sharedprocess] [info] Scanned user extensions: 3
[2019-02-19 14:29:24.141] [sharedprocess] [info] Downloaded extension: latex-workshop /tmp/4f44348b-198e-4d53-8779-55ec52f83f98
[2019-02-19 14:29:28.773] [sharedprocess] [info] Extracted extension to /home/wojtek/.vscode-oss/extensions/.james-yu.latex-workshop-6.0.0: james-yu.latex-workshop-6.0.0
[2019-02-19 14:29:28.774] [sharedprocess] [info] Renamed to /home/wojtek/.vscode-oss/extensions/james-yu.latex-workshop-6.0.0
[2019-02-19 14:29:28.776] [sharedprocess] [info] Installation completed. james-yu.latex-workshop-6.0.0
[2019-02-19 14:29:28.788] [sharedprocess] [info] Extensions installed successfully: james-yu.latex-workshop
[2019-02-19 14:30:00.163] [sharedprocess] [info] Starting to clean up unused language packs.
[2019-02-19 14:34:20.277] [sharedprocess] [info] Scanned user extensions: 3
[2019-02-19 14:39:20.288] [sharedprocess] [info] Scanned user extensions: 3
[2019-02-19 14:44:20.300] [sharedprocess] [info] Scanned user extensions: 3
[2019-02-19 15:01:10.733] [sharedprocess] [info] Scanned user extensions: 3
[2019-02-19 15:06:10.745] [sharedprocess] [info] Scanned user extensions: 3
[2019-02-19 15:11:10.755] [sharedprocess] [info] Scanned user extensions: 3
[2019-02-19 15:16:10.765] [sharedprocess] [info] Scanned user extensions: 3
[2019-02-19 15:21:10.778] [sharedprocess] [info] Scanned user extensions: 3
[2019-02-19 15:26:10.791] [sharedprocess] [info] Scanned user extensions: 3
[2019-02-19 15:31:10.804] [sharedprocess] [info] Scanned user extensions: 3
[2019-02-19 15:36:10.817] [sharedprocess] [info] Scanned user extensions: 3
[2019-02-19 15:41:10.829] [sharedprocess] [info] Scanned user extensions: 3
[2019-02-19 15:46:10.839] [sharedprocess] [info] Scanned user extensions: 3
[2019-02-19 15:51:10.850] [sharedprocess] [info] Scanned user extensions: 3
[2019-02-19 15:56:10.859] [sharedprocess] [info] Scanned user extensions: 3
[2019-02-19 16:01:10.869] [sharedprocess] [info] Scanned user extensions: 3
[2019-02-19 16:06:10.878] [sharedprocess] [info] Scanned user extensions: 3
[2019-02-19 16:11:10.888] [sharedprocess] [info] Scanned user extensions: 3
[2019-02-19 16:16:10.898] [sharedprocess] [info] Scanned user extensions: 3
[2019-02-19 16:21:10.910] [sharedprocess] [info] Scanned user extensions: 3
[2019-02-19 16:26:10.926] [sharedprocess] [info] Scanned user extensions: 3
[2019-02-19 16:31:10.942] [sharedprocess] [info] Scanned user extensions: 3
[2019-02-19 16:36:10.952] [sharedprocess] [info] Scanned user extensions: 3
[2019-02-19 16:41:10.961] [sharedprocess] [info] Scanned user extensions: 3
[2019-02-19 16:46:10.977] [sharedprocess] [info] Scanned user extensions: 3
[2019-02-19 16:51:10.990] [sharedprocess] [info] Scanned user extensions: 3
[2019-02-19 16:56:11.014] [sharedprocess] [info] Scanned user extensions: 3
