[2019-02-19 14:29:19.363] [exthost] [info] extension host started
[2019-02-19 14:29:19.379] [exthost] [info] ExtensionService#_doActivateExtension vscode.debug-auto-launch {"startup":true,"activationEvent":"*"}
[2019-02-19 14:29:19.379] [exthost] [info] ExtensionService#loadCommonJSModule /usr/lib/code/extensions/debug-auto-launch/dist/extension
[2019-02-19 14:29:19.385] [exthost] [info] ExtensionService#_doActivateExtension vscode.emmet {"startup":true,"activationEvent":"*"}
[2019-02-19 14:29:19.385] [exthost] [info] ExtensionService#loadCommonJSModule /usr/lib/code/extensions/emmet/dist/extension
[2019-02-19 14:29:19.403] [exthost] [info] ExtensionService#_doActivateExtension vscode.git {"startup":true,"activationEvent":"*"}
[2019-02-19 14:29:19.403] [exthost] [info] ExtensionService#loadCommonJSModule /usr/lib/code/extensions/git/dist/main
[2019-02-19 14:29:19.556] [exthost] [info] ExtensionService#_doActivateExtension vscode.merge-conflict {"startup":true,"activationEvent":"*"}
[2019-02-19 14:29:19.556] [exthost] [info] ExtensionService#loadCommonJSModule /usr/lib/code/extensions/merge-conflict/dist/extension
[2019-02-19 14:29:19.568] [exthost] [info] ExtensionService#_doActivateExtension Equinusocio.vsc-material-theme {"startup":true,"activationEvent":"*"}
[2019-02-19 14:29:19.568] [exthost] [info] ExtensionService#loadCommonJSModule /home/wojtek/.vscode-oss/extensions/equinusocio.vsc-material-theme-2.6.3/extensions/material.theme.config.js
[2019-02-19 14:29:19.608] [exthost] [info] eager extensions activated
[2019-02-19 14:32:03.523] [exthost] [info] ExtensionService#_doActivateExtension James-Yu.latex-workshop {"startup":false,"activationEvent":"onLanguage:tex"}
[2019-02-19 14:32:03.524] [exthost] [info] ExtensionService#loadCommonJSModule /home/wojtek/.vscode-oss/extensions/james-yu.latex-workshop-5.21.0/out/src/main.js
[2019-02-19 14:33:05.338] [exthost] [info] ExtensionService#_doActivateExtension vscode.configuration-editing {"startup":false,"activationEvent":"onLanguage:jsonc"}
[2019-02-19 14:33:05.338] [exthost] [info] ExtensionService#loadCommonJSModule /usr/lib/code/extensions/configuration-editing/dist/extension
[2019-02-19 14:33:05.357] [exthost] [info] ExtensionService#_doActivateExtension vscode.json-language-features {"startup":false,"activationEvent":"onLanguage:jsonc"}
[2019-02-19 14:33:05.357] [exthost] [info] ExtensionService#loadCommonJSModule /usr/lib/code/extensions/json-language-features/client/dist/jsonMain
[2019-02-19 14:33:05.453] [exthost] [info] ExtensionService#_doActivateExtension vscode.typescript-language-features {"startup":false,"activationEvent":"onLanguage:jsonc"}
[2019-02-19 14:33:05.454] [exthost] [info] ExtensionService#loadCommonJSModule /usr/lib/code/extensions/typescript-language-features/dist/extension
[2019-02-19 15:53:43.166] [exthost] [error] [James-Yu.latex-workshop] provider FAILED
[2019-02-19 15:53:43.167] [exthost] [error] SyntaxError: Invalid regular expression: /\\usepackage(?:\[[^\[\]\{\}]*\])?\{[\w,]*eq:metst})[\w,]*\}/: Unmatched ')'
	at new RegExp (<anonymous>)
	at Object.module.exports.t.onAPackage (/home/wojtek/.vscode-oss/extensions/james-yu.latex-workshop-5.21.0/out/src/main.js:137:71140)
	at module.exports.t.HoverProvider.provideHover.Promise (/home/wojtek/.vscode-oss/extensions/james-yu.latex-workshop-5.21.0/out/src/main.js:371:162057)
	at new Promise (<anonymous>)
	at module.exports.t.HoverProvider.provideHover (/home/wojtek/.vscode-oss/extensions/james-yu.latex-workshop-5.21.0/out/src/main.js:371:161592)
	at /usr/lib/code/out/vs/workbench/node/extensionHostProcess.js:554:595
	at t.asThenable (/usr/lib/code/out/vs/workbench/node/extensionHostProcess.js:141:941)
	at new Promise (<anonymous>)
	at Object.t.asThenable (/usr/lib/code/out/vs/workbench/node/extensionHostProcess.js:141:909)
	at e.provideHover (/usr/lib/code/out/vs/workbench/node/extensionHostProcess.js:554:554)
	at /usr/lib/code/out/vs/workbench/node/extensionHostProcess.js:570:950
	at e._withAdapter (/usr/lib/code/out/vs/workbench/node/extensionHostProcess.js:567:513)
	at e.$provideHover (/usr/lib/code/out/vs/workbench/node/extensionHostProcess.js:570:912)
	at t._doInvokeHandler (/usr/lib/code/out/vs/workbench/node/extensionHostProcess.js:658:837)
	at t._invokeHandler (/usr/lib/code/out/vs/workbench/node/extensionHostProcess.js:658:509)
	at t._receiveRequest (/usr/lib/code/out/vs/workbench/node/extensionHostProcess.js:657:60)
	at t._receiveOneMessage (/usr/lib/code/out/vs/workbench/node/extensionHostProcess.js:656:59)
	at /usr/lib/code/out/vs/workbench/node/extensionHostProcess.js:653:895
	at /usr/lib/code/out/vs/workbench/node/extensionHostProcess.js:130:793
	at e.fire (/usr/lib/code/out/vs/workbench/node/extensionHostProcess.js:133:218)
	at a (/usr/lib/code/out/vs/workbench/node/extensionHostProcess.js:186:147)
	at Socket.n._socketDataListener (/usr/lib/code/out/vs/workbench/node/extensionHostProcess.js:186:368)
	at emitOne (events.js:116:13)
	at Socket.emit (events.js:211:7)
	at addChunk (_stream_readable.js:263:12)
	at readableAddChunk (_stream_readable.js:250:11)
	at Socket.Readable.push (_stream_readable.js:208:10)
	at Pipe.onread (net.js:594:20)
[2019-02-19 16:08:46.736] [exthost] [error] [James-Yu.latex-workshop] provider FAILED
[2019-02-19 16:08:46.736] [exthost] [error] SyntaxError: Invalid regular expression: /\\usepackage(?:\[[^\[\]\{\}]*\])?\{[\w,]*(wymiawamy[\w,]*\}/: Unterminated group
	at new RegExp (<anonymous>)
	at Object.module.exports.t.onAPackage (/home/wojtek/.vscode-oss/extensions/james-yu.latex-workshop-5.21.0/out/src/main.js:137:71140)
	at module.exports.t.HoverProvider.provideHover.Promise (/home/wojtek/.vscode-oss/extensions/james-yu.latex-workshop-5.21.0/out/src/main.js:371:162057)
	at new Promise (<anonymous>)
	at module.exports.t.HoverProvider.provideHover (/home/wojtek/.vscode-oss/extensions/james-yu.latex-workshop-5.21.0/out/src/main.js:371:161592)
	at /usr/lib/code/out/vs/workbench/node/extensionHostProcess.js:554:595
	at t.asThenable (/usr/lib/code/out/vs/workbench/node/extensionHostProcess.js:141:941)
	at new Promise (<anonymous>)
	at Object.t.asThenable (/usr/lib/code/out/vs/workbench/node/extensionHostProcess.js:141:909)
	at e.provideHover (/usr/lib/code/out/vs/workbench/node/extensionHostProcess.js:554:554)
	at /usr/lib/code/out/vs/workbench/node/extensionHostProcess.js:570:950
	at e._withAdapter (/usr/lib/code/out/vs/workbench/node/extensionHostProcess.js:567:513)
	at e.$provideHover (/usr/lib/code/out/vs/workbench/node/extensionHostProcess.js:570:912)
	at t._doInvokeHandler (/usr/lib/code/out/vs/workbench/node/extensionHostProcess.js:658:837)
	at t._invokeHandler (/usr/lib/code/out/vs/workbench/node/extensionHostProcess.js:658:509)
	at t._receiveRequest (/usr/lib/code/out/vs/workbench/node/extensionHostProcess.js:657:60)
	at t._receiveOneMessage (/usr/lib/code/out/vs/workbench/node/extensionHostProcess.js:656:59)
	at /usr/lib/code/out/vs/workbench/node/extensionHostProcess.js:653:895
	at /usr/lib/code/out/vs/workbench/node/extensionHostProcess.js:130:793
	at e.fire (/usr/lib/code/out/vs/workbench/node/extensionHostProcess.js:133:218)
	at a (/usr/lib/code/out/vs/workbench/node/extensionHostProcess.js:186:147)
	at Socket.n._socketDataListener (/usr/lib/code/out/vs/workbench/node/extensionHostProcess.js:186:368)
	at emitOne (events.js:116:13)
	at Socket.emit (events.js:211:7)
	at addChunk (_stream_readable.js:263:12)
	at readableAddChunk (_stream_readable.js:250:11)
	at Socket.Readable.push (_stream_readable.js:208:10)
	at Pipe.onread (net.js:594:20)
